<?xml version="1.0" encoding="UTF-8"?>
<!-- Generated by org.testng.reporters.JUnitReportReporter -->
<testsuite hostname="AWT_Tester" failures="0" tests="1" name="com.awt.test.Home.VerifyPanelsQuantityTest" time="43.730" errors="0" timestamp="2024-02-05T12:40:00 IST" skipped="0">
  <testcase classname="com.awt.test.Home.VerifyPanelsQuantityTest" name="verfiyPanelsQuantityTest" time="43.730"/>
  <system-out/>
</testsuite> <!-- com.awt.test.Home.VerifyPanelsQuantityTest -->
