<?xml version="1.0" encoding="UTF-8"?>
<!-- Generated by org.testng.reporters.JUnitReportReporter -->
<testsuite hostname="AWT_Tester" failures="0" tests="1" name="com.awt.test.Home.VerifyPanelsQuantityTest" time="46.795" errors="0" timestamp="2024-02-05T11:39:13 IST" skipped="0">
  <testcase classname="com.awt.test.Home.VerifyPanelsQuantityTest" name="verfiyPanelsQuantityTest" time="46.795"/>
  <system-out/>
</testsuite> <!-- com.awt.test.Home.VerifyPanelsQuantityTest -->
