<?xml version="1.0" encoding="UTF-8"?>
<!-- Generated by org.testng.reporters.JUnitReportReporter -->
<testsuite hostname="AWT_Tester" failures="0" tests="4" name="com.awt.test.Login.VerifyLogInFunctionalityTest" time="82.856" errors="0" timestamp="2024-02-05T12:40:00 IST" skipped="0">
  <testcase classname="com.awt.test.Login.VerifyLogInFunctionalityTest" name="verifyLogInCredentialsTest" time="16.117"/>
  <system-out/>
  <testcase classname="com.awt.test.Login.VerifyLogInFunctionalityTest" name="verifyLogInCredentialsTest" time="8.918"/>
  <system-out/>
  <testcase classname="com.awt.test.Login.VerifyLogInFunctionalityTest" name="verifyLogInFunctionalityTest" time="45.993"/>
  <system-out/>
  <testcase classname="com.awt.test.Login.VerifyLogInFunctionalityTest" name="verifyLogInCredentialsTest" time="11.828"/>
  <system-out/>
</testsuite> <!-- com.awt.test.Login.VerifyLogInFunctionalityTest -->
