<?xml version="1.0" encoding="UTF-8"?>
<!-- Generated by org.testng.reporters.JUnitReportReporter -->
<testsuite hostname="AWT_Tester" failures="0" tests="1" name="com.awt.test.Oms_Add.VerifyOmsAddingFunctionalityTest" time="129.307" errors="0" timestamp="2024-02-05T12:40:00 IST" skipped="0">
  <testcase classname="com.awt.test.Oms_Add.VerifyOmsAddingFunctionalityTest" name="verfiyOmsAddingFunctionalityTest" time="129.307"/>
  <system-out/>
</testsuite> <!-- com.awt.test.Oms_Add.VerifyOmsAddingFunctionalityTest -->
